Equate elements:  no current cell.
Equate elements:  no current cell.
Class schem/bias_lvs.spice:  Merged 17 devices.
Class layout/bias_lvs.spice:  Merged 17 devices.

Subcircuit summary:
Circuit 1: schem/bias_lvs.spice            |Circuit 2: layout/bias_lvs.spice           
-------------------------------------------|-------------------------------------------
sky130_fd_pr__nfet_01v8 (18)               |sky130_fd_pr__nfet_01v8 (18)               
sky130_fd_pr__pfet_01v8 (17)               |sky130_fd_pr__pfet_01v8 (17)               
Number of devices: 35                      |Number of devices: 35                      
Number of nets: 24                         |Number of nets: 24                         
---------------------------------------------------------------------------------------
Resolving automorphisms by property value.
Resolving automorphisms by pin name.
Netlists match with 20 symmetries.
Netlists do not match.
   Networks match locally but not globally.
   Probably connections are swapped.
   Check the end of logfile comp.out for implicated nodes.
NET mismatches: Class fragments follow (with fanout counts):
Circuit 1: schem/bias_lvs.spice            |Circuit 2: layout/bias_lvs.spice           

---------------------------------------------------------------------------------------
Net: net4                                  |Net: a_n2890_2620#                         
  sky130_fd_pr__pfet_01v8/(1|3) = 3        |  sky130_fd_pr__pfet_01v8/(1|3) = 3        
---------------------------------------------------------------------------------------

---------------------------------------------------------------------------------------
Net: net6                                  |Net: a_n2090_2620#                         
  sky130_fd_pr__pfet_01v8/(1|3) = 3        |  sky130_fd_pr__pfet_01v8/(1|3) = 3        
---------------------------------------------------------------------------------------

---------------------------------------------------------------------------------------
Net: net13                                 |Net: a_n690_760#                           
  sky130_fd_pr__nfet_01v8/(1|3) = 3        |  sky130_fd_pr__nfet_01v8/(1|3) = 3        
---------------------------------------------------------------------------------------

---------------------------------------------------------------------------------------
Net: net15                                 |Net: a_110_760#                            
  sky130_fd_pr__nfet_01v8/(1|3) = 3        |  sky130_fd_pr__nfet_01v8/(1|3) = 3        
---------------------------------------------------------------------------------------

---------------------------------------------------------------------------------------
Net: VDD                                   |Net: VDD                                   
  sky130_fd_pr__pfet_01v8/(1|3) = 10       |  sky130_fd_pr__pfet_01v8/4 = 17           
  sky130_fd_pr__pfet_01v8/4 = 17           |  sky130_fd_pr__pfet_01v8/(1|3) = 10       
  sky130_fd_pr__pfet_01v8/2 = 3            |  sky130_fd_pr__pfet_01v8/2 = 3            
---------------------------------------------------------------------------------------

---------------------------------------------------------------------------------------
Net: GND                                   |Net: GND                                   
  sky130_fd_pr__nfet_01v8/4 = 18           |  sky130_fd_pr__nfet_01v8/(1|3) = 11       
  sky130_fd_pr__nfet_01v8/(1|3) = 11       |  sky130_fd_pr__nfet_01v8/4 = 18           
  sky130_fd_pr__nfet_01v8/2 = 3            |  sky130_fd_pr__nfet_01v8/2 = 3            
---------------------------------------------------------------------------------------

---------------------------------------------------------------------------------------
Net: net2                                  |Net: a_n2690_760#                          
  sky130_fd_pr__nfet_01v8/(1|3) = 2        |  sky130_fd_pr__nfet_01v8/(1|3) = 2        
---------------------------------------------------------------------------------------

---------------------------------------------------------------------------------------
Net: net3                                  |Net: a_n1890_760#                          
  sky130_fd_pr__nfet_01v8/(1|3) = 2        |  sky130_fd_pr__nfet_01v8/(1|3) = 2        
---------------------------------------------------------------------------------------

---------------------------------------------------------------------------------------
Net: Vbn                                   |Net: Vbn                                   
  sky130_fd_pr__nfet_01v8/2 = 9            |  sky130_fd_pr__nfet_01v8/2 = 9            
  sky130_fd_pr__nfet_01v8/(1|3) = 1        |  sky130_fd_pr__nfet_01v8/(1|3) = 1        
---------------------------------------------------------------------------------------

---------------------------------------------------------------------------------------
Net: net17                                 |Net: a_n3090_760#                          
  sky130_fd_pr__nfet_01v8/(1|3) = 3        |  sky130_fd_pr__pfet_01v8/2 = 4            
  sky130_fd_pr__pfet_01v8/2 = 4            |  sky130_fd_pr__nfet_01v8/(1|3) = 3        
---------------------------------------------------------------------------------------

---------------------------------------------------------------------------------------
Net: net18                                 |Net: a_n890_2620#                          
  sky130_fd_pr__pfet_01v8/(1|3) = 3        |  sky130_fd_pr__pfet_01v8/(1|3) = 3        
  sky130_fd_pr__nfet_01v8/2 = 4            |  sky130_fd_pr__nfet_01v8/2 = 4            
---------------------------------------------------------------------------------------
Netlists do not match.
The top level cell failed pin matching.
