Equate elements:  no current cell.
Equate elements:  no current cell.

Subcircuit summary:
Circuit 1: inverter                        |Circuit 2: inverter                        
-------------------------------------------|-------------------------------------------
sky130_fd_pr__pfet_01v8 (1)                |sky130_fd_pr__pfet_01v8 (1)                
sky130_fd_pr__nfet_01v8 (1)                |sky130_fd_pr__nfet_01v8 (1)                
Number of devices: 2                       |Number of devices: 2                       
Number of nets: 4                          |Number of nets: 4                          
---------------------------------------------------------------------------------------
Circuits match uniquely.
Property errors were found.
Netlists match uniquely.
There were property errors.
sky130_fd_pr__nfet_01v8M2 vs. sky130_fd_pr__nfet_01v80:
Property mult in circuit1 has no matching property in circuit2
sky130_fd_pr__nfet_01v8M2 vs. sky130_fd_pr__nfet_01v80:
Property sd in circuit1 has no matching property in circuit2
sky130_fd_pr__nfet_01v8M2 vs. sky130_fd_pr__nfet_01v80:
Property sb in circuit1 has no matching property in circuit2
sky130_fd_pr__nfet_01v8M2 vs. sky130_fd_pr__nfet_01v80:
Property sa in circuit1 has no matching property in circuit2
sky130_fd_pr__nfet_01v8M2 vs. sky130_fd_pr__nfet_01v80:
Property nrs in circuit1 has no matching property in circuit2
sky130_fd_pr__nfet_01v8M2 vs. sky130_fd_pr__nfet_01v80:
Property nrd in circuit1 has no matching property in circuit2
 ps circuit1: (unresolved expression)   "3"  (property type mismatch)
 pd circuit1: (unresolved expression)   "3"  (property type mismatch)
 as circuit1: (unresolved expression)   "0.5"  (property type mismatch)
 ad circuit1: (unresolved expression)   "0.5"  (property type mismatch)
sky130_fd_pr__nfet_01v8M2 vs. sky130_fd_pr__nfet_01v80:
Property nf in circuit1 has no matching property in circuit2
sky130_fd_pr__pfet_01v8M1 vs. sky130_fd_pr__pfet_01v81:
Property mult in circuit1 has no matching property in circuit2
sky130_fd_pr__pfet_01v8M1 vs. sky130_fd_pr__pfet_01v81:
Property sd in circuit1 has no matching property in circuit2
sky130_fd_pr__pfet_01v8M1 vs. sky130_fd_pr__pfet_01v81:
Property sb in circuit1 has no matching property in circuit2
sky130_fd_pr__pfet_01v8M1 vs. sky130_fd_pr__pfet_01v81:
Property sa in circuit1 has no matching property in circuit2
sky130_fd_pr__pfet_01v8M1 vs. sky130_fd_pr__pfet_01v81:
Property nrs in circuit1 has no matching property in circuit2
sky130_fd_pr__pfet_01v8M1 vs. sky130_fd_pr__pfet_01v81:
Property nrd in circuit1 has no matching property in circuit2
 ps circuit1: (unresolved expression)   "3"  (property type mismatch)
 pd circuit1: (unresolved expression)   "3"  (property type mismatch)
 as circuit1: (unresolved expression)   "0.5"  (property type mismatch)
 ad circuit1: (unresolved expression)   "0.5"  (property type mismatch)
sky130_fd_pr__pfet_01v8M1 vs. sky130_fd_pr__pfet_01v81:
Property nf in circuit1 has no matching property in circuit2

Subcircuit pins:
Circuit 1: inverter                        |Circuit 2: inverter                        
-------------------------------------------|-------------------------------------------
Y                                          |Y                                          
A                                          |A                                          
VN                                         |VN                                         
VP                                         |VP                                         
---------------------------------------------------------------------------------------
Cell pin lists are equivalent.
Device classes inverter and inverter are equivalent.

Subcircuit summary:
Circuit 1: NAND2                           |Circuit 2: NAND2                           
-------------------------------------------|-------------------------------------------
sky130_fd_pr__nfet_01v8 (2)                |sky130_fd_pr__nfet_01v8 (2)                
sky130_fd_pr__pfet_01v8 (2)                |sky130_fd_pr__pfet_01v8 (2)                
Number of devices: 4                       |Number of devices: 4                       
Number of nets: 6                          |Number of nets: 6                          
---------------------------------------------------------------------------------------
NET mismatches: Class fragments follow (with fanout counts):
Circuit 1: NAND2                           |Circuit 2: NAND2                           

---------------------------------------------------------------------------------------
Net: A                                     |Net: B                                     
  sky130_fd_pr__nfet_01v8/2 = 1            |  sky130_fd_pr__pfet_01v8/2 = 1            
  sky130_fd_pr__pfet_01v8/2 = 1            |  sky130_fd_pr__nfet_01v8/2 = 1            
---------------------------------------------------------------------------------------

---------------------------------------------------------------------------------------
Net: Y                                     |Net: Y                                     
  sky130_fd_pr__nfet_01v8/1 = 1            |  sky130_fd_pr__pfet_01v8/3 = 1            
  sky130_fd_pr__pfet_01v8/1 = 2            |  sky130_fd_pr__pfet_01v8/1 = 1            
                                           |  sky130_fd_pr__nfet_01v8/1 = 1            
---------------------------------------------------------------------------------------
DEVICE mismatches: Class fragments follow (with node fanout counts):
Circuit 1: NAND2                           |Circuit 2: NAND2                           

---------------------------------------------------------------------------------------
Instance: sky130_fd_pr__pfet_01v8M4        |Instance: sky130_fd_pr__pfet_01v81         
  1 = 3                                    |  1 = 4                                    
  2 = 2                                    |  2 = 2                                    
  3 = 4                                    |  3 = 3                                    
  4 = 4                                    |  4 = 4                                    
---------------------------------------------------------------------------------------
Netlists do not match.
  Flattening non-matched subcircuits NAND2 NAND2
Subcircuit summary:
Circuit 1: AND_no_C.spice                  |Circuit 2: layout/AND2.spice               
-------------------------------------------|-------------------------------------------
inverter (1)                               |inverter (1)                               
sky130_fd_pr__nfet_01v8 (2)                |sky130_fd_pr__nfet_01v8 (2)                
sky130_fd_pr__pfet_01v8 (2)                |sky130_fd_pr__pfet_01v8 (2)                
Number of devices: 5                       |Number of devices: 5                       
Number of nets: 7                          |Number of nets: 7                          
---------------------------------------------------------------------------------------
NET mismatches: Class fragments follow (with fanout counts):
Circuit 1: AND_no_C.spice                  |Circuit 2: layout/AND2.spice               

---------------------------------------------------------------------------------------
Net: A                                     |Net: B                                     
  sky130_fd_pr__nfet_01v8/2 = 1            |  sky130_fd_pr__pfet_01v8/2 = 1            
  sky130_fd_pr__pfet_01v8/2 = 1            |  sky130_fd_pr__nfet_01v8/2 = 1            
---------------------------------------------------------------------------------------

---------------------------------------------------------------------------------------
Net: net1                                  |Net: NAND2_0/Y                             
  inverter/A = 1                           |  inverter/A = 1                           
  sky130_fd_pr__nfet_01v8/1 = 1            |  sky130_fd_pr__pfet_01v8/3 = 1            
  sky130_fd_pr__pfet_01v8/1 = 2            |  sky130_fd_pr__pfet_01v8/1 = 1            
                                           |  sky130_fd_pr__nfet_01v8/1 = 1            
---------------------------------------------------------------------------------------
DEVICE mismatches: Class fragments follow (with node fanout counts):
Circuit 1: AND_no_C.spice                  |Circuit 2: layout/AND2.spice               

---------------------------------------------------------------------------------------
Instance: NAND22/sky130_fd_pr__pfet_01v8M4 |Instance: NAND2_0/sky130_fd_pr__pfet_01v81 
  1 = 4                                    |  1 = 5                                    
  2 = 2                                    |  2 = 2                                    
  3 = 5                                    |  3 = 4                                    
  4 = 5                                    |  4 = 5                                    
---------------------------------------------------------------------------------------
Netlists do not match.
Netlists do not match.
The following cells had property errors: inverter
